<?xml version="1.0" encoding="UTF-8"?>
<!-- Generated by org.testng.reporters.JUnitReportReporter -->
<testsuite hostname="LAPTOP-DOBLN3AU" failures="0" tests="1" name="actionsClassDemo.MouseOverDemo" time="8.957" errors="0" timestamp="2021-11-11T08:44:46 IST" skipped="0">
  <testcase classname="actionsClassDemo.MouseOverDemo" name="MouseOveractionDemo" time="8.957"/>
  <system-out/>
</testsuite> <!-- actionsClassDemo.MouseOverDemo -->
