<?xml version="1.0" encoding="UTF-8"?>
<!-- Generated by org.testng.reporters.JUnitReportReporter -->
<testsuite hostname="LAPTOP-DOBLN3AU" failures="0" tests="4" name="com.qa.TestNGScripts.TestAnnotationDemo" time="0.024" errors="0" timestamp="2021-11-03T08:37:43 IST" skipped="0">
  <testcase classname="com.qa.TestNGScripts.TestAnnotationDemo" name="loginPageTest" time="0.013"/>
  <system-out/>
  <testcase classname="com.qa.TestNGScripts.TestAnnotationDemo" name="createEmailTest" time="0.004"/>
  <system-out/>
  <testcase classname="com.qa.TestNGScripts.TestAnnotationDemo" name="modifyEmail" time="0.001"/>
  <system-out/>
  <testcase classname="com.qa.TestNGScripts.TestAnnotationDemo" name="DeleteEmail" time="0.006"/>
  <system-out/>
</testsuite> <!-- com.qa.TestNGScripts.TestAnnotationDemo -->
