<?xml version="1.0" encoding="UTF-8"?>
<!-- Generated by org.testng.reporters.JUnitReportReporter -->
<testsuite hostname="LAPTOP-DOBLN3AU" failures="0" tests="1" name="actionsClassDemo.DragandDropDemo" time="5.195" errors="0" timestamp="2021-11-11T08:37:53 IST" skipped="0">
  <testcase classname="actionsClassDemo.DragandDropDemo" name="DragDropDemo" time="5.195"/>
  <system-out/>
</testsuite> <!-- actionsClassDemo.DragandDropDemo -->
