<?xml version="1.0" encoding="UTF-8"?>
<!-- Generated by org.testng.reporters.JUnitReportReporter -->
<testsuite hostname="LAPTOP-DOBLN3AU" failures="0" tests="2" name="com.qa.TestNGScripts.BeforeAndAfterClass" time="4.232" errors="0" timestamp="2021-11-04T08:02:01 IST" skipped="0">
  <testcase classname="com.qa.TestNGScripts.BeforeAndAfterClass" name="RadioButtonTest" time="2.121"/>
  <system-out/>
  <testcase classname="com.qa.TestNGScripts.BeforeAndAfterClass" name="Checkboxtest" time="2.111"/>
  <system-out/>
</testsuite> <!-- com.qa.TestNGScripts.BeforeAndAfterClass -->
