<?xml version="1.0" encoding="UTF-8"?>
<!-- Generated by org.testng.reporters.JUnitReportReporter -->
<testsuite hostname="LAPTOP-DOBLN3AU" failures="0" tests="3" name="com.qa.DataDrivenTesting.SimpleScript" time="24.950" errors="0" timestamp="2021-11-05T09:08:02 IST" skipped="0">
  <testcase classname="com.qa.DataDrivenTesting.SimpleScript" name="wikiPageInput" time="5.992"/>
  <system-out/>
  <testcase classname="com.qa.DataDrivenTesting.SimpleScript" name="wikiPageInput" time="9.426"/>
  <system-out/>
  <testcase classname="com.qa.DataDrivenTesting.SimpleScript" name="wikiPageInput" time="9.532"/>
  <system-out/>
</testsuite> <!-- com.qa.DataDrivenTesting.SimpleScript -->
