<?xml version="1.0" encoding="UTF-8"?>
<!-- Generated by org.testng.reporters.JUnitReportReporter -->
<testsuite hostname="LAPTOP-DOBLN3AU" failures="0" tests="2" name="com.qa.TestNGScripts.GroupsDemo" time="0.009" errors="0" timestamp="2021-11-04T08:30:54 IST" skipped="0">
  <testcase classname="com.qa.TestNGScripts.GroupsDemo" name="testcase5" time="0.001"/>
  <system-out/>
  <testcase classname="com.qa.TestNGScripts.GroupsDemo" name="testcase4" time="0.008"/>
  <system-out/>
</testsuite> <!-- com.qa.TestNGScripts.GroupsDemo -->
