<?xml version="1.0" encoding="UTF-8"?>
<!-- Generated by org.testng.reporters.JUnitReportReporter -->
<testsuite hostname="LAPTOP-DOBLN3AU" failures="0" tests="2" name="com.qa.TestNGScripts.PriorityDemo" time="12.413" errors="0" timestamp="2021-11-04T08:02:01 IST" skipped="0">
  <testcase classname="com.qa.TestNGScripts.PriorityDemo" name="radiobuttonTest" time="6.409"/>
  <system-out/>
  <testcase classname="com.qa.TestNGScripts.PriorityDemo" name="CheckboxTest" time="6.004"/>
  <system-out/>
</testsuite> <!-- com.qa.TestNGScripts.PriorityDemo -->
