<?xml version="1.0" encoding="UTF-8"?>
<!-- Generated by org.testng.reporters.JUnitReportReporter -->
<testsuite hostname="LAPTOP-DOBLN3AU" failures="0" tests="2" name="com.qa.TestNGScripts.GroupsDemo2" time="0.005" errors="0" timestamp="2021-11-04T08:30:54 IST" skipped="0">
  <testcase classname="com.qa.TestNGScripts.GroupsDemo2" name="method1" time="0.001"/>
  <system-out/>
  <testcase classname="com.qa.TestNGScripts.GroupsDemo2" name="method2" time="0.004"/>
  <system-out/>
</testsuite> <!-- com.qa.TestNGScripts.GroupsDemo2 -->
