<?xml version="1.0" encoding="UTF-8"?>
<!-- Generated by org.testng.reporters.JUnitReportReporter -->
<testsuite hostname="LAPTOP-DOBLN3AU" failures="0" tests="1" name="com.qa.DataDrivenTesting.ReadDataFROMEXCEL" time="16.568" errors="0" timestamp="2021-11-05T08:06:52 IST" skipped="0">
  <testcase classname="com.qa.DataDrivenTesting.ReadDataFROMEXCEL" name="createAcount" time="16.568"/>
  <system-out/>
</testsuite> <!-- com.qa.DataDrivenTesting.ReadDataFROMEXCEL -->
