<?xml version="1.0" encoding="UTF-8"?>
<!-- Generated by org.testng.reporters.JUnitReportReporter -->
<testsuite hostname="LAPTOP-DOBLN3AU" failures="0" tests="1" name="com.qa.selscriptsDemo.WikiSearch" time="8.337" errors="0" timestamp="2021-11-09T07:41:20 IST" skipped="0">
  <testcase classname="com.qa.selscriptsDemo.WikiSearch" name="wikisearch" time="8.337"/>
  <system-out/>
</testsuite> <!-- com.qa.selscriptsDemo.WikiSearch -->
