<?xml version="1.0" encoding="UTF-8"?>
<!-- Generated by org.testng.reporters.JUnitReportReporter -->
<testsuite hostname="LAPTOP-DOBLN3AU" failures="0" tests="1" name="com.qa.TestNGParameters.Seleniumdemoparameter" time="3.433" errors="0" timestamp="2021-11-04T09:04:53 IST" skipped="0">
  <testcase classname="com.qa.TestNGParameters.Seleniumdemoparameter" name="wikipage" time="3.433"/>
  <system-out/>
</testsuite> <!-- com.qa.TestNGParameters.Seleniumdemoparameter -->
