<?xml version="1.0" encoding="UTF-8"?>
<!-- Generated by org.testng.reporters.JUnitReportReporter -->
<testsuite hostname="LAPTOP-DOBLN3AU" failures="0" tests="1" name="com.qa.TestNGScripts.DescriptionDemo" time="7.103" errors="0" timestamp="2021-11-03T09:12:24 IST" skipped="0">
  <testcase classname="com.qa.TestNGScripts.DescriptionDemo" name="method1" time="7.103"/>
  <system-out/>
</testsuite> <!-- com.qa.TestNGScripts.DescriptionDemo -->
