<?xml version="1.0" encoding="UTF-8"?>
<!-- Generated by org.testng.reporters.JUnitReportReporter -->
<testsuite hostname="LAPTOP-DOBLN3AU" failures="0" tests="2" name="com.qa.TestNGScripts.BeforeAndAfterMethod" time="15.485" errors="0" timestamp="2021-11-04T07:46:10 IST" skipped="0">
  <testcase classname="com.qa.TestNGScripts.BeforeAndAfterMethod" name="radiobuttonTest" time="7.778"/>
  <system-out/>
  <testcase classname="com.qa.TestNGScripts.BeforeAndAfterMethod" name="checkboxTest" time="7.707"/>
  <system-out/>
</testsuite> <!-- com.qa.TestNGScripts.BeforeAndAfterMethod -->
