<?xml version="1.0" encoding="UTF-8"?>
<!-- Generated by org.testng.reporters.JUnitReportReporter -->
<testsuite hostname="LAPTOP-DOBLN3AU" failures="0" tests="3" name="com.qa.TestNGParameters.ParamertizationXML" time="16.509" errors="0" timestamp="2021-11-04T08:47:07 IST" skipped="0">
  <testcase classname="com.qa.TestNGParameters.ParamertizationXML" name="userNameTest" time="5.286"/>
  <system-out/>
  <testcase classname="com.qa.TestNGParameters.ParamertizationXML" name="userNameTest" time="5.660"/>
  <system-out/>
  <testcase classname="com.qa.TestNGParameters.ParamertizationXML" name="userNameTest" time="5.563"/>
  <system-out/>
</testsuite> <!-- com.qa.TestNGParameters.ParamertizationXML -->
